[2018-07-03T11:45:24.003][ INFO  1460  access] ::ffff:127.0.0.1 - - "GET / HTTP/1.1" 200 3464 "" "Mozilla/5.0 (Windows NT 6.1; Win64; x64) AppleWebKit/537.36 (KHTML, like Gecko) Chrome/66.0.3359.181 Safari/537.36"
[2018-07-03T11:45:24.204][ INFO  1460  access] undefined - - "GET /css/Home/layout.css HTTP/1.1" 200 776 "http://localhost:5000/" "Mozilla/5.0 (Windows NT 6.1; Win64; x64) AppleWebKit/537.36 (KHTML, like Gecko) Chrome/66.0.3359.181 Safari/537.36"
[2018-07-03T11:45:24.206][ INFO  1460  access] undefined - - "GET /css/Home/style.css HTTP/1.1" 200 1317 "http://localhost:5000/" "Mozilla/5.0 (Windows NT 6.1; Win64; x64) AppleWebKit/537.36 (KHTML, like Gecko) Chrome/66.0.3359.181 Safari/537.36"
[2018-07-03T11:45:24.269][ INFO  1460  access] undefined - - "GET /js/lib/jquery.min.js HTTP/1.1" 200 92633 "http://localhost:5000/" "Mozilla/5.0 (Windows NT 6.1; Win64; x64) AppleWebKit/537.36 (KHTML, like Gecko) Chrome/66.0.3359.181 Safari/537.36"
[2018-07-03T11:45:24.340][ INFO  1460  access] undefined - - "GET /imgs/logo.png HTTP/1.1" 200 43301 "http://localhost:5000/" "Mozilla/5.0 (Windows NT 6.1; Win64; x64) AppleWebKit/537.36 (KHTML, like Gecko) Chrome/66.0.3359.181 Safari/537.36"
[2018-07-03T11:45:24.478][ INFO  1460  access] undefined - - "GET /imgs/index_03.jpg HTTP/1.1" 200 14683 "http://localhost:5000/" "Mozilla/5.0 (Windows NT 6.1; Win64; x64) AppleWebKit/537.36 (KHTML, like Gecko) Chrome/66.0.3359.181 Safari/537.36"
[2018-07-03T11:45:24.487][ INFO  1460  access] undefined - - "GET /imgs/index_05.jpg HTTP/1.1" 200 5994 "http://localhost:5000/" "Mozilla/5.0 (Windows NT 6.1; Win64; x64) AppleWebKit/537.36 (KHTML, like Gecko) Chrome/66.0.3359.181 Safari/537.36"
[2018-07-03T11:45:24.501][ INFO  1460  access] undefined - - "GET /imgs/index_02.jpg HTTP/1.1" 200 15587 "http://localhost:5000/css/Home/style.css" "Mozilla/5.0 (Windows NT 6.1; Win64; x64) AppleWebKit/537.36 (KHTML, like Gecko) Chrome/66.0.3359.181 Safari/537.36"
[2018-07-03T11:45:24.522][ INFO  1460  access] undefined - - "GET /imgs/index_04.jpg HTTP/1.1" 200 7331 "http://localhost:5000/" "Mozilla/5.0 (Windows NT 6.1; Win64; x64) AppleWebKit/537.36 (KHTML, like Gecko) Chrome/66.0.3359.181 Safari/537.36"
[2018-07-03T11:45:24.525][ INFO  1460  access] undefined - - "GET /imgs/index_01.jpg HTTP/1.1" 200 6348 "http://localhost:5000/" "Mozilla/5.0 (Windows NT 6.1; Win64; x64) AppleWebKit/537.36 (KHTML, like Gecko) Chrome/66.0.3359.181 Safari/537.36"
[2018-07-03T11:45:24.535][ INFO  1460  access] undefined - - "GET /imgs/banner_01.jpg HTTP/1.1" 200 84346 "http://localhost:5000/" "Mozilla/5.0 (Windows NT 6.1; Win64; x64) AppleWebKit/537.36 (KHTML, like Gecko) Chrome/66.0.3359.181 Safari/537.36"
[2018-07-03T11:45:24.574][ INFO  1460  access] undefined - - "GET /imgs/icon.png HTTP/1.1" 200 16618 "http://localhost:5000/css/Home/layout.css" "Mozilla/5.0 (Windows NT 6.1; Win64; x64) AppleWebKit/537.36 (KHTML, like Gecko) Chrome/66.0.3359.181 Safari/537.36"
[2018-07-03T11:45:24.790][ INFO  1460  access] ::ffff:127.0.0.1 - - "GET /favicon.ico HTTP/1.1" 404 150 "http://localhost:5000/" "Mozilla/5.0 (Windows NT 6.1; Win64; x64) AppleWebKit/537.36 (KHTML, like Gecko) Chrome/66.0.3359.181 Safari/537.36"
[2018-07-03T11:45:44.621][ INFO  1460  access] undefined - - "GET /css/Home/layout.css?browsersync=1530589544600 HTTP/1.1" 200 776 "http://localhost:5000/" "Mozilla/5.0 (Windows NT 6.1; Win64; x64) AppleWebKit/537.36 (KHTML, like Gecko) Chrome/66.0.3359.181 Safari/537.36"
[2018-07-03T11:45:44.625][ INFO  1460  access] undefined - - "GET /css/Home/style.css?browsersync=1530589544603 HTTP/1.1" 200 1317 "http://localhost:5000/" "Mozilla/5.0 (Windows NT 6.1; Win64; x64) AppleWebKit/537.36 (KHTML, like Gecko) Chrome/66.0.3359.181 Safari/537.36"
[2018-07-03T11:45:48.820][ INFO  1460  access] undefined - - "GET /css/Home/layout.css?browsersync=1530589548802 HTTP/1.1" 200 776 "http://localhost:5000/" "Mozilla/5.0 (Windows NT 6.1; Win64; x64) AppleWebKit/537.36 (KHTML, like Gecko) Chrome/66.0.3359.181 Safari/537.36"
[2018-07-03T11:45:48.824][ INFO  1460  access] undefined - - "GET /css/Home/style.css?browsersync=1530589548803 HTTP/1.1" 200 1317 "http://localhost:5000/" "Mozilla/5.0 (Windows NT 6.1; Win64; x64) AppleWebKit/537.36 (KHTML, like Gecko) Chrome/66.0.3359.181 Safari/537.36"
[2018-07-03T11:45:58.198][ INFO  1460  access] ::ffff:127.0.0.1 - - "GET / HTTP/1.1" 200 3465 "http://localhost:5000/" "Mozilla/5.0 (Windows NT 6.1; Win64; x64) AppleWebKit/537.36 (KHTML, like Gecko) Chrome/66.0.3359.181 Safari/537.36"
[2018-07-03T11:45:58.226][ INFO  1460  access] undefined - - "GET /js/lib/jquery.min.js HTTP/1.1" 304 - "http://localhost:5000/" "Mozilla/5.0 (Windows NT 6.1; Win64; x64) AppleWebKit/537.36 (KHTML, like Gecko) Chrome/66.0.3359.181 Safari/537.36"
[2018-07-03T11:45:58.228][ INFO  1460  access] undefined - - "GET /css/Home/layout.css HTTP/1.1" 200 776 "http://localhost:5000/" "Mozilla/5.0 (Windows NT 6.1; Win64; x64) AppleWebKit/537.36 (KHTML, like Gecko) Chrome/66.0.3359.181 Safari/537.36"
[2018-07-03T11:45:58.229][ INFO  1460  access] undefined - - "GET /css/Home/style.css HTTP/1.1" 200 1317 "http://localhost:5000/" "Mozilla/5.0 (Windows NT 6.1; Win64; x64) AppleWebKit/537.36 (KHTML, like Gecko) Chrome/66.0.3359.181 Safari/537.36"
[2018-07-03T11:45:58.234][ INFO  1460  access] undefined - - "GET /imgs/logo.png HTTP/1.1" 304 - "http://localhost:5000/" "Mozilla/5.0 (Windows NT 6.1; Win64; x64) AppleWebKit/537.36 (KHTML, like Gecko) Chrome/66.0.3359.181 Safari/537.36"
[2018-07-03T11:45:58.264][ INFO  1460  access] undefined - - "GET /imgs/index_05.jpg HTTP/1.1" 304 - "http://localhost:5000/" "Mozilla/5.0 (Windows NT 6.1; Win64; x64) AppleWebKit/537.36 (KHTML, like Gecko) Chrome/66.0.3359.181 Safari/537.36"
[2018-07-03T11:45:58.266][ INFO  1460  access] undefined - - "GET /imgs/index_03.jpg HTTP/1.1" 304 - "http://localhost:5000/" "Mozilla/5.0 (Windows NT 6.1; Win64; x64) AppleWebKit/537.36 (KHTML, like Gecko) Chrome/66.0.3359.181 Safari/537.36"
[2018-07-03T11:45:58.268][ INFO  1460  access] undefined - - "GET /imgs/index_02.jpg HTTP/1.1" 304 - "http://localhost:5000/css/Home/style.css" "Mozilla/5.0 (Windows NT 6.1; Win64; x64) AppleWebKit/537.36 (KHTML, like Gecko) Chrome/66.0.3359.181 Safari/537.36"
[2018-07-03T11:45:58.270][ INFO  1460  access] undefined - - "GET /imgs/index_04.jpg HTTP/1.1" 304 - "http://localhost:5000/" "Mozilla/5.0 (Windows NT 6.1; Win64; x64) AppleWebKit/537.36 (KHTML, like Gecko) Chrome/66.0.3359.181 Safari/537.36"
[2018-07-03T11:45:58.272][ INFO  1460  access] undefined - - "GET /imgs/index_01.jpg HTTP/1.1" 304 - "http://localhost:5000/" "Mozilla/5.0 (Windows NT 6.1; Win64; x64) AppleWebKit/537.36 (KHTML, like Gecko) Chrome/66.0.3359.181 Safari/537.36"
[2018-07-03T11:45:58.274][ INFO  1460  access] undefined - - "GET /imgs/banner_01.jpg HTTP/1.1" 304 - "http://localhost:5000/" "Mozilla/5.0 (Windows NT 6.1; Win64; x64) AppleWebKit/537.36 (KHTML, like Gecko) Chrome/66.0.3359.181 Safari/537.36"
[2018-07-03T11:45:58.278][ INFO  1460  access] undefined - - "GET /imgs/icon.png HTTP/1.1" 304 - "http://localhost:5000/css/Home/layout.css" "Mozilla/5.0 (Windows NT 6.1; Win64; x64) AppleWebKit/537.36 (KHTML, like Gecko) Chrome/66.0.3359.181 Safari/537.36"
[2018-07-03T11:46:04.491][ INFO  1460  access] ::ffff:127.0.0.1 - - "GET / HTTP/1.1" 200 3464 "http://localhost:5000/" "Mozilla/5.0 (Windows NT 6.1; Win64; x64) AppleWebKit/537.36 (KHTML, like Gecko) Chrome/66.0.3359.181 Safari/537.36"
[2018-07-03T11:46:04.518][ INFO  1460  access] undefined - - "GET /css/Home/layout.css HTTP/1.1" 304 - "http://localhost:5000/" "Mozilla/5.0 (Windows NT 6.1; Win64; x64) AppleWebKit/537.36 (KHTML, like Gecko) Chrome/66.0.3359.181 Safari/537.36"
[2018-07-03T11:46:04.521][ INFO  1460  access] undefined - - "GET /css/Home/style.css HTTP/1.1" 304 - "http://localhost:5000/" "Mozilla/5.0 (Windows NT 6.1; Win64; x64) AppleWebKit/537.36 (KHTML, like Gecko) Chrome/66.0.3359.181 Safari/537.36"
[2018-07-03T11:46:04.523][ INFO  1460  access] undefined - - "GET /js/lib/jquery.min.js HTTP/1.1" 304 - "http://localhost:5000/" "Mozilla/5.0 (Windows NT 6.1; Win64; x64) AppleWebKit/537.36 (KHTML, like Gecko) Chrome/66.0.3359.181 Safari/537.36"
[2018-07-03T11:46:04.537][ INFO  1460  access] undefined - - "GET /imgs/logo.png HTTP/1.1" 304 - "http://localhost:5000/" "Mozilla/5.0 (Windows NT 6.1; Win64; x64) AppleWebKit/537.36 (KHTML, like Gecko) Chrome/66.0.3359.181 Safari/537.36"
[2018-07-03T11:46:04.565][ INFO  1460  access] undefined - - "GET /imgs/index_05.jpg HTTP/1.1" 304 - "http://localhost:5000/" "Mozilla/5.0 (Windows NT 6.1; Win64; x64) AppleWebKit/537.36 (KHTML, like Gecko) Chrome/66.0.3359.181 Safari/537.36"
[2018-07-03T11:46:04.567][ INFO  1460  access] undefined - - "GET /imgs/index_03.jpg HTTP/1.1" 304 - "http://localhost:5000/" "Mozilla/5.0 (Windows NT 6.1; Win64; x64) AppleWebKit/537.36 (KHTML, like Gecko) Chrome/66.0.3359.181 Safari/537.36"
[2018-07-03T11:46:04.570][ INFO  1460  access] undefined - - "GET /imgs/index_04.jpg HTTP/1.1" 304 - "http://localhost:5000/" "Mozilla/5.0 (Windows NT 6.1; Win64; x64) AppleWebKit/537.36 (KHTML, like Gecko) Chrome/66.0.3359.181 Safari/537.36"
[2018-07-03T11:46:04.573][ INFO  1460  access] undefined - - "GET /imgs/index_01.jpg HTTP/1.1" 304 - "http://localhost:5000/" "Mozilla/5.0 (Windows NT 6.1; Win64; x64) AppleWebKit/537.36 (KHTML, like Gecko) Chrome/66.0.3359.181 Safari/537.36"
[2018-07-03T11:46:04.577][ INFO  1460  access] undefined - - "GET /imgs/banner_01.jpg HTTP/1.1" 304 - "http://localhost:5000/" "Mozilla/5.0 (Windows NT 6.1; Win64; x64) AppleWebKit/537.36 (KHTML, like Gecko) Chrome/66.0.3359.181 Safari/537.36"
[2018-07-03T11:46:15.809][ INFO  1460  access] ::ffff:127.0.0.1 - - "GET / HTTP/1.1" 200 3465 "http://localhost:5000/" "Mozilla/5.0 (Windows NT 6.1; Win64; x64) AppleWebKit/537.36 (KHTML, like Gecko) Chrome/66.0.3359.181 Safari/537.36"
[2018-07-03T11:46:15.833][ INFO  1460  access] undefined - - "GET /css/Home/layout.css HTTP/1.1" 304 - "http://localhost:5000/" "Mozilla/5.0 (Windows NT 6.1; Win64; x64) AppleWebKit/537.36 (KHTML, like Gecko) Chrome/66.0.3359.181 Safari/537.36"
[2018-07-03T11:46:15.835][ INFO  1460  access] undefined - - "GET /css/Home/style.css HTTP/1.1" 304 - "http://localhost:5000/" "Mozilla/5.0 (Windows NT 6.1; Win64; x64) AppleWebKit/537.36 (KHTML, like Gecko) Chrome/66.0.3359.181 Safari/537.36"
[2018-07-03T11:46:15.836][ INFO  1460  access] undefined - - "GET /js/lib/jquery.min.js HTTP/1.1" 304 - "http://localhost:5000/" "Mozilla/5.0 (Windows NT 6.1; Win64; x64) AppleWebKit/537.36 (KHTML, like Gecko) Chrome/66.0.3359.181 Safari/537.36"
[2018-07-03T11:46:15.842][ INFO  1460  access] undefined - - "GET /imgs/logo.png HTTP/1.1" 304 - "http://localhost:5000/" "Mozilla/5.0 (Windows NT 6.1; Win64; x64) AppleWebKit/537.36 (KHTML, like Gecko) Chrome/66.0.3359.181 Safari/537.36"
[2018-07-03T11:46:15.863][ INFO  1460  access] undefined - - "GET /imgs/index_01.jpg HTTP/1.1" 304 - "http://localhost:5000/" "Mozilla/5.0 (Windows NT 6.1; Win64; x64) AppleWebKit/537.36 (KHTML, like Gecko) Chrome/66.0.3359.181 Safari/537.36"
[2018-07-03T11:46:15.866][ INFO  1460  access] undefined - - "GET /imgs/index_05.jpg HTTP/1.1" 304 - "http://localhost:5000/" "Mozilla/5.0 (Windows NT 6.1; Win64; x64) AppleWebKit/537.36 (KHTML, like Gecko) Chrome/66.0.3359.181 Safari/537.36"
[2018-07-03T11:46:15.869][ INFO  1460  access] undefined - - "GET /imgs/index_03.jpg HTTP/1.1" 304 - "http://localhost:5000/" "Mozilla/5.0 (Windows NT 6.1; Win64; x64) AppleWebKit/537.36 (KHTML, like Gecko) Chrome/66.0.3359.181 Safari/537.36"
[2018-07-03T11:46:15.870][ INFO  1460  access] undefined - - "GET /imgs/index_04.jpg HTTP/1.1" 304 - "http://localhost:5000/" "Mozilla/5.0 (Windows NT 6.1; Win64; x64) AppleWebKit/537.36 (KHTML, like Gecko) Chrome/66.0.3359.181 Safari/537.36"
[2018-07-03T11:46:15.873][ INFO  1460  access] undefined - - "GET /imgs/banner_01.jpg HTTP/1.1" 304 - "http://localhost:5000/" "Mozilla/5.0 (Windows NT 6.1; Win64; x64) AppleWebKit/537.36 (KHTML, like Gecko) Chrome/66.0.3359.181 Safari/537.36"
[2018-07-03T11:46:19.416][ INFO  1460  access] ::ffff:127.0.0.1 - - "GET / HTTP/1.1" 200 3464 "http://localhost:5000/" "Mozilla/5.0 (Windows NT 6.1; Win64; x64) AppleWebKit/537.36 (KHTML, like Gecko) Chrome/66.0.3359.181 Safari/537.36"
[2018-07-03T11:46:19.447][ INFO  1460  access] undefined - - "GET /css/Home/layout.css HTTP/1.1" 304 - "http://localhost:5000/" "Mozilla/5.0 (Windows NT 6.1; Win64; x64) AppleWebKit/537.36 (KHTML, like Gecko) Chrome/66.0.3359.181 Safari/537.36"
[2018-07-03T11:46:19.449][ INFO  1460  access] undefined - - "GET /css/Home/style.css HTTP/1.1" 304 - "http://localhost:5000/" "Mozilla/5.0 (Windows NT 6.1; Win64; x64) AppleWebKit/537.36 (KHTML, like Gecko) Chrome/66.0.3359.181 Safari/537.36"
[2018-07-03T11:46:19.451][ INFO  1460  access] undefined - - "GET /js/lib/jquery.min.js HTTP/1.1" 304 - "http://localhost:5000/" "Mozilla/5.0 (Windows NT 6.1; Win64; x64) AppleWebKit/537.36 (KHTML, like Gecko) Chrome/66.0.3359.181 Safari/537.36"
[2018-07-03T11:46:19.458][ INFO  1460  access] undefined - - "GET /imgs/logo.png HTTP/1.1" 304 - "http://localhost:5000/" "Mozilla/5.0 (Windows NT 6.1; Win64; x64) AppleWebKit/537.36 (KHTML, like Gecko) Chrome/66.0.3359.181 Safari/537.36"
[2018-07-03T11:46:19.486][ INFO  1460  access] undefined - - "GET /imgs/index_05.jpg HTTP/1.1" 304 - "http://localhost:5000/" "Mozilla/5.0 (Windows NT 6.1; Win64; x64) AppleWebKit/537.36 (KHTML, like Gecko) Chrome/66.0.3359.181 Safari/537.36"
[2018-07-03T11:46:19.489][ INFO  1460  access] undefined - - "GET /imgs/index_03.jpg HTTP/1.1" 304 - "http://localhost:5000/" "Mozilla/5.0 (Windows NT 6.1; Win64; x64) AppleWebKit/537.36 (KHTML, like Gecko) Chrome/66.0.3359.181 Safari/537.36"
[2018-07-03T11:46:19.490][ INFO  1460  access] undefined - - "GET /imgs/index_04.jpg HTTP/1.1" 304 - "http://localhost:5000/" "Mozilla/5.0 (Windows NT 6.1; Win64; x64) AppleWebKit/537.36 (KHTML, like Gecko) Chrome/66.0.3359.181 Safari/537.36"
[2018-07-03T11:46:19.493][ INFO  1460  access] undefined - - "GET /imgs/index_01.jpg HTTP/1.1" 304 - "http://localhost:5000/" "Mozilla/5.0 (Windows NT 6.1; Win64; x64) AppleWebKit/537.36 (KHTML, like Gecko) Chrome/66.0.3359.181 Safari/537.36"
[2018-07-03T11:46:19.494][ INFO  1460  access] undefined - - "GET /imgs/banner_01.jpg HTTP/1.1" 304 - "http://localhost:5000/" "Mozilla/5.0 (Windows NT 6.1; Win64; x64) AppleWebKit/537.36 (KHTML, like Gecko) Chrome/66.0.3359.181 Safari/537.36"
[2018-07-03T11:46:57.528][ INFO  1460  access] undefined - - "GET /css/Home/layout.css HTTP/1.1" 304 - "http://localhost:5000/" "Mozilla/5.0 (Windows NT 6.1; Win64; x64) AppleWebKit/537.36 (KHTML, like Gecko) Chrome/66.0.3359.181 Safari/537.36"
[2018-07-03T11:46:57.537][ INFO  1460  access] undefined - - "GET /css/Home/style.css HTTP/1.1" 304 - "http://localhost:5000/" "Mozilla/5.0 (Windows NT 6.1; Win64; x64) AppleWebKit/537.36 (KHTML, like Gecko) Chrome/66.0.3359.181 Safari/537.36"
[2018-07-03T11:47:11.605][ INFO  1460  access] undefined - - "GET /css/Home/layout.css?browsersync=1530589631585 HTTP/1.1" 200 776 "http://localhost:5000/" "Mozilla/5.0 (Windows NT 6.1; Win64; x64) AppleWebKit/537.36 (KHTML, like Gecko) Chrome/66.0.3359.181 Safari/537.36"
[2018-07-03T11:47:11.609][ INFO  1460  access] undefined - - "GET /css/Home/style.css?browsersync=1530589631588 HTTP/1.1" 200 1318 "http://localhost:5000/" "Mozilla/5.0 (Windows NT 6.1; Win64; x64) AppleWebKit/537.36 (KHTML, like Gecko) Chrome/66.0.3359.181 Safari/537.36"
[2018-07-03T11:47:11.619][ INFO  1460  access] undefined - - "GET /imgs/icon.png HTTP/1.1" 304 - "http://localhost:5000/css/Home/layout.css?browsersync=1530589631585" "Mozilla/5.0 (Windows NT 6.1; Win64; x64) AppleWebKit/537.36 (KHTML, like Gecko) Chrome/66.0.3359.181 Safari/537.36"
[2018-07-03T11:47:11.628][ INFO  1460  access] undefined - - "GET /imgs/index_02.jpg HTTP/1.1" 304 - "http://localhost:5000/css/Home/style.css?browsersync=1530589631588" "Mozilla/5.0 (Windows NT 6.1; Win64; x64) AppleWebKit/537.36 (KHTML, like Gecko) Chrome/66.0.3359.181 Safari/537.36"
[2018-07-03T11:47:15.685][ INFO  1460  access] undefined - - "GET /css/Home/layout.css?browsersync=1530589635667 HTTP/1.1" 200 776 "http://localhost:5000/" "Mozilla/5.0 (Windows NT 6.1; Win64; x64) AppleWebKit/537.36 (KHTML, like Gecko) Chrome/66.0.3359.181 Safari/537.36"
[2018-07-03T11:47:15.690][ INFO  1460  access] undefined - - "GET /css/Home/style.css?browsersync=1530589635669 HTTP/1.1" 200 1317 "http://localhost:5000/" "Mozilla/5.0 (Windows NT 6.1; Win64; x64) AppleWebKit/537.36 (KHTML, like Gecko) Chrome/66.0.3359.181 Safari/537.36"
[2018-07-03T11:47:25.569][ INFO  1460  access] undefined - - "GET /css/Home/style.css?browsersync=1530589645553 HTTP/1.1" 200 1317 "http://localhost:5000/" "Mozilla/5.0 (Windows NT 6.1; Win64; x64) AppleWebKit/537.36 (KHTML, like Gecko) Chrome/66.0.3359.181 Safari/537.36"
[2018-07-03T11:47:25.572][ INFO  1460  access] undefined - - "GET /css/Home/layout.css?browsersync=1530589645551 HTTP/1.1" 200 776 "http://localhost:5000/" "Mozilla/5.0 (Windows NT 6.1; Win64; x64) AppleWebKit/537.36 (KHTML, like Gecko) Chrome/66.0.3359.181 Safari/537.36"
[2018-07-03T11:47:42.258][ INFO  1460  access] undefined - - "GET /css/Home/layout.css?browsersync=1530589662239 HTTP/1.1" 200 776 "http://localhost:5000/" "Mozilla/5.0 (Windows NT 6.1; Win64; x64) AppleWebKit/537.36 (KHTML, like Gecko) Chrome/66.0.3359.181 Safari/537.36"
[2018-07-03T11:47:42.264][ INFO  1460  access] undefined - - "GET /css/Home/style.css?browsersync=1530589662241 HTTP/1.1" 200 1317 "http://localhost:5000/" "Mozilla/5.0 (Windows NT 6.1; Win64; x64) AppleWebKit/537.36 (KHTML, like Gecko) Chrome/66.0.3359.181 Safari/537.36"
[2018-07-03T11:49:04.655][ INFO  1460  access] undefined - - "GET / HTTP/1.1" 304 - "http://localhost:5000/" "Mozilla/5.0 (Windows NT 6.1; Win64; x64) AppleWebKit/537.36 (KHTML, like Gecko) Chrome/66.0.3359.181 Safari/537.36"
[2018-07-03T11:49:04.676][ INFO  1460  access] undefined - - "GET /js/lib/jquery.min.js HTTP/1.1" 304 - "http://localhost:5000/" "Mozilla/5.0 (Windows NT 6.1; Win64; x64) AppleWebKit/537.36 (KHTML, like Gecko) Chrome/66.0.3359.181 Safari/537.36"
[2018-07-03T11:49:04.679][ INFO  1460  access] undefined - - "GET /css/Home/layout.css HTTP/1.1" 200 776 "http://localhost:5000/" "Mozilla/5.0 (Windows NT 6.1; Win64; x64) AppleWebKit/537.36 (KHTML, like Gecko) Chrome/66.0.3359.181 Safari/537.36"
[2018-07-03T11:49:04.680][ INFO  1460  access] undefined - - "GET /css/Home/style.css HTTP/1.1" 200 1317 "http://localhost:5000/" "Mozilla/5.0 (Windows NT 6.1; Win64; x64) AppleWebKit/537.36 (KHTML, like Gecko) Chrome/66.0.3359.181 Safari/537.36"
[2018-07-03T11:49:04.686][ INFO  1460  access] undefined - - "GET /imgs/logo.png HTTP/1.1" 304 - "http://localhost:5000/" "Mozilla/5.0 (Windows NT 6.1; Win64; x64) AppleWebKit/537.36 (KHTML, like Gecko) Chrome/66.0.3359.181 Safari/537.36"
[2018-07-03T11:49:04.722][ INFO  1460  access] undefined - - "GET /imgs/index_05.jpg HTTP/1.1" 304 - "http://localhost:5000/" "Mozilla/5.0 (Windows NT 6.1; Win64; x64) AppleWebKit/537.36 (KHTML, like Gecko) Chrome/66.0.3359.181 Safari/537.36"
[2018-07-03T11:49:04.724][ INFO  1460  access] undefined - - "GET /imgs/index_03.jpg HTTP/1.1" 304 - "http://localhost:5000/" "Mozilla/5.0 (Windows NT 6.1; Win64; x64) AppleWebKit/537.36 (KHTML, like Gecko) Chrome/66.0.3359.181 Safari/537.36"
[2018-07-03T11:49:04.726][ INFO  1460  access] undefined - - "GET /imgs/index_02.jpg HTTP/1.1" 304 - "http://localhost:5000/css/Home/style.css" "Mozilla/5.0 (Windows NT 6.1; Win64; x64) AppleWebKit/537.36 (KHTML, like Gecko) Chrome/66.0.3359.181 Safari/537.36"
[2018-07-03T11:49:04.727][ INFO  1460  access] undefined - - "GET /imgs/index_01.jpg HTTP/1.1" 304 - "http://localhost:5000/" "Mozilla/5.0 (Windows NT 6.1; Win64; x64) AppleWebKit/537.36 (KHTML, like Gecko) Chrome/66.0.3359.181 Safari/537.36"
[2018-07-03T11:49:04.729][ INFO  1460  access] undefined - - "GET /imgs/banner_01.jpg HTTP/1.1" 304 - "http://localhost:5000/" "Mozilla/5.0 (Windows NT 6.1; Win64; x64) AppleWebKit/537.36 (KHTML, like Gecko) Chrome/66.0.3359.181 Safari/537.36"
[2018-07-03T11:49:04.730][ INFO  1460  access] undefined - - "GET /imgs/index_04.jpg HTTP/1.1" 304 - "http://localhost:5000/" "Mozilla/5.0 (Windows NT 6.1; Win64; x64) AppleWebKit/537.36 (KHTML, like Gecko) Chrome/66.0.3359.181 Safari/537.36"
[2018-07-03T11:49:04.742][ INFO  1460  access] undefined - - "GET /imgs/icon.png HTTP/1.1" 304 - "http://localhost:5000/css/Home/layout.css" "Mozilla/5.0 (Windows NT 6.1; Win64; x64) AppleWebKit/537.36 (KHTML, like Gecko) Chrome/66.0.3359.181 Safari/537.36"
[2018-07-03T11:51:26.185][ INFO  1460  access] undefined - - "GET / HTTP/1.1" 304 - "" "Mozilla/5.0 (Windows NT 6.1; Win64; x64) AppleWebKit/537.36 (KHTML, like Gecko) Chrome/66.0.3359.181 Safari/537.36"
[2018-07-03T11:51:26.210][ INFO  1460  access] undefined - - "GET /css/Home/layout.css HTTP/1.1" 304 - "http://localhost:5000/" "Mozilla/5.0 (Windows NT 6.1; Win64; x64) AppleWebKit/537.36 (KHTML, like Gecko) Chrome/66.0.3359.181 Safari/537.36"
[2018-07-03T11:51:26.212][ INFO  1460  access] undefined - - "GET /css/Home/style.css HTTP/1.1" 304 - "http://localhost:5000/" "Mozilla/5.0 (Windows NT 6.1; Win64; x64) AppleWebKit/537.36 (KHTML, like Gecko) Chrome/66.0.3359.181 Safari/537.36"
[2018-07-03T11:51:26.214][ INFO  1460  access] undefined - - "GET /js/lib/jquery.min.js HTTP/1.1" 304 - "http://localhost:5000/" "Mozilla/5.0 (Windows NT 6.1; Win64; x64) AppleWebKit/537.36 (KHTML, like Gecko) Chrome/66.0.3359.181 Safari/537.36"
[2018-07-03T11:51:26.218][ INFO  1460  access] undefined - - "GET /imgs/logo.png HTTP/1.1" 304 - "http://localhost:5000/" "Mozilla/5.0 (Windows NT 6.1; Win64; x64) AppleWebKit/537.36 (KHTML, like Gecko) Chrome/66.0.3359.181 Safari/537.36"
[2018-07-03T11:51:26.247][ INFO  1460  access] undefined - - "GET /imgs/index_05.jpg HTTP/1.1" 304 - "http://localhost:5000/" "Mozilla/5.0 (Windows NT 6.1; Win64; x64) AppleWebKit/537.36 (KHTML, like Gecko) Chrome/66.0.3359.181 Safari/537.36"
[2018-07-03T11:51:26.249][ INFO  1460  access] undefined - - "GET /imgs/index_03.jpg HTTP/1.1" 304 - "http://localhost:5000/" "Mozilla/5.0 (Windows NT 6.1; Win64; x64) AppleWebKit/537.36 (KHTML, like Gecko) Chrome/66.0.3359.181 Safari/537.36"
[2018-07-03T11:51:26.252][ INFO  1460  access] undefined - - "GET /imgs/banner_01.jpg HTTP/1.1" 304 - "http://localhost:5000/" "Mozilla/5.0 (Windows NT 6.1; Win64; x64) AppleWebKit/537.36 (KHTML, like Gecko) Chrome/66.0.3359.181 Safari/537.36"
[2018-07-03T11:51:26.256][ INFO  1460  access] undefined - - "GET /imgs/index_02.jpg HTTP/1.1" 304 - "http://localhost:5000/css/Home/style.css" "Mozilla/5.0 (Windows NT 6.1; Win64; x64) AppleWebKit/537.36 (KHTML, like Gecko) Chrome/66.0.3359.181 Safari/537.36"
[2018-07-03T11:51:26.257][ INFO  1460  access] undefined - - "GET /imgs/index_04.jpg HTTP/1.1" 304 - "http://localhost:5000/" "Mozilla/5.0 (Windows NT 6.1; Win64; x64) AppleWebKit/537.36 (KHTML, like Gecko) Chrome/66.0.3359.181 Safari/537.36"
[2018-07-03T11:51:26.259][ INFO  1460  access] undefined - - "GET /imgs/index_01.jpg HTTP/1.1" 304 - "http://localhost:5000/" "Mozilla/5.0 (Windows NT 6.1; Win64; x64) AppleWebKit/537.36 (KHTML, like Gecko) Chrome/66.0.3359.181 Safari/537.36"
[2018-07-03T11:51:26.263][ INFO  1460  access] undefined - - "GET /imgs/icon.png HTTP/1.1" 304 - "http://localhost:5000/css/Home/layout.css" "Mozilla/5.0 (Windows NT 6.1; Win64; x64) AppleWebKit/537.36 (KHTML, like Gecko) Chrome/66.0.3359.181 Safari/537.36"
[2018-07-03T11:51:27.622][ INFO  1460  access] undefined - - "GET / HTTP/1.1" 304 - "http://localhost:5000/" "Mozilla/5.0 (Windows NT 6.1; Win64; x64) AppleWebKit/537.36 (KHTML, like Gecko) Chrome/66.0.3359.181 Safari/537.36"
[2018-07-03T11:51:27.651][ INFO  1460  access] undefined - - "GET /css/Home/layout.css HTTP/1.1" 304 - "http://localhost:5000/" "Mozilla/5.0 (Windows NT 6.1; Win64; x64) AppleWebKit/537.36 (KHTML, like Gecko) Chrome/66.0.3359.181 Safari/537.36"
[2018-07-03T11:51:27.653][ INFO  1460  access] undefined - - "GET /css/Home/style.css HTTP/1.1" 304 - "http://localhost:5000/" "Mozilla/5.0 (Windows NT 6.1; Win64; x64) AppleWebKit/537.36 (KHTML, like Gecko) Chrome/66.0.3359.181 Safari/537.36"
[2018-07-03T11:51:27.656][ INFO  1460  access] undefined - - "GET /js/lib/jquery.min.js HTTP/1.1" 304 - "http://localhost:5000/" "Mozilla/5.0 (Windows NT 6.1; Win64; x64) AppleWebKit/537.36 (KHTML, like Gecko) Chrome/66.0.3359.181 Safari/537.36"
[2018-07-03T11:51:27.661][ INFO  1460  access] undefined - - "GET /imgs/logo.png HTTP/1.1" 304 - "http://localhost:5000/" "Mozilla/5.0 (Windows NT 6.1; Win64; x64) AppleWebKit/537.36 (KHTML, like Gecko) Chrome/66.0.3359.181 Safari/537.36"
[2018-07-03T11:51:27.687][ INFO  1460  access] undefined - - "GET /imgs/index_05.jpg HTTP/1.1" 304 - "http://localhost:5000/" "Mozilla/5.0 (Windows NT 6.1; Win64; x64) AppleWebKit/537.36 (KHTML, like Gecko) Chrome/66.0.3359.181 Safari/537.36"
[2018-07-03T11:51:27.690][ INFO  1460  access] undefined - - "GET /imgs/index_03.jpg HTTP/1.1" 304 - "http://localhost:5000/" "Mozilla/5.0 (Windows NT 6.1; Win64; x64) AppleWebKit/537.36 (KHTML, like Gecko) Chrome/66.0.3359.181 Safari/537.36"
[2018-07-03T11:51:27.691][ INFO  1460  access] undefined - - "GET /imgs/index_04.jpg HTTP/1.1" 304 - "http://localhost:5000/" "Mozilla/5.0 (Windows NT 6.1; Win64; x64) AppleWebKit/537.36 (KHTML, like Gecko) Chrome/66.0.3359.181 Safari/537.36"
[2018-07-03T11:51:27.693][ INFO  1460  access] undefined - - "GET /imgs/index_01.jpg HTTP/1.1" 304 - "http://localhost:5000/" "Mozilla/5.0 (Windows NT 6.1; Win64; x64) AppleWebKit/537.36 (KHTML, like Gecko) Chrome/66.0.3359.181 Safari/537.36"
[2018-07-03T11:51:27.695][ INFO  1460  access] undefined - - "GET /imgs/banner_01.jpg HTTP/1.1" 304 - "http://localhost:5000/" "Mozilla/5.0 (Windows NT 6.1; Win64; x64) AppleWebKit/537.36 (KHTML, like Gecko) Chrome/66.0.3359.181 Safari/537.36"
[2018-07-03T11:51:28.174][ INFO  1460  access] undefined - - "GET / HTTP/1.1" 304 - "http://localhost:5000/" "Mozilla/5.0 (Windows NT 6.1; Win64; x64) AppleWebKit/537.36 (KHTML, like Gecko) Chrome/66.0.3359.181 Safari/537.36"
[2018-07-03T11:51:28.203][ INFO  1460  access] undefined - - "GET /css/Home/layout.css HTTP/1.1" 304 - "http://localhost:5000/" "Mozilla/5.0 (Windows NT 6.1; Win64; x64) AppleWebKit/537.36 (KHTML, like Gecko) Chrome/66.0.3359.181 Safari/537.36"
[2018-07-03T11:51:28.205][ INFO  1460  access] undefined - - "GET /css/Home/style.css HTTP/1.1" 304 - "http://localhost:5000/" "Mozilla/5.0 (Windows NT 6.1; Win64; x64) AppleWebKit/537.36 (KHTML, like Gecko) Chrome/66.0.3359.181 Safari/537.36"
[2018-07-03T11:51:28.206][ INFO  1460  access] undefined - - "GET /js/lib/jquery.min.js HTTP/1.1" 304 - "http://localhost:5000/" "Mozilla/5.0 (Windows NT 6.1; Win64; x64) AppleWebKit/537.36 (KHTML, like Gecko) Chrome/66.0.3359.181 Safari/537.36"
[2018-07-03T11:51:28.227][ INFO  1460  access] undefined - - "GET /imgs/logo.png HTTP/1.1" 304 - "http://localhost:5000/" "Mozilla/5.0 (Windows NT 6.1; Win64; x64) AppleWebKit/537.36 (KHTML, like Gecko) Chrome/66.0.3359.181 Safari/537.36"
[2018-07-03T11:51:28.258][ INFO  1460  access] undefined - - "GET /imgs/index_05.jpg HTTP/1.1" 304 - "http://localhost:5000/" "Mozilla/5.0 (Windows NT 6.1; Win64; x64) AppleWebKit/537.36 (KHTML, like Gecko) Chrome/66.0.3359.181 Safari/537.36"
[2018-07-03T11:51:28.261][ INFO  1460  access] undefined - - "GET /imgs/index_03.jpg HTTP/1.1" 304 - "http://localhost:5000/" "Mozilla/5.0 (Windows NT 6.1; Win64; x64) AppleWebKit/537.36 (KHTML, like Gecko) Chrome/66.0.3359.181 Safari/537.36"
[2018-07-03T11:51:28.263][ INFO  1460  access] undefined - - "GET /imgs/banner_01.jpg HTTP/1.1" 304 - "http://localhost:5000/" "Mozilla/5.0 (Windows NT 6.1; Win64; x64) AppleWebKit/537.36 (KHTML, like Gecko) Chrome/66.0.3359.181 Safari/537.36"
[2018-07-03T11:51:28.265][ INFO  1460  access] undefined - - "GET /imgs/index_04.jpg HTTP/1.1" 304 - "http://localhost:5000/" "Mozilla/5.0 (Windows NT 6.1; Win64; x64) AppleWebKit/537.36 (KHTML, like Gecko) Chrome/66.0.3359.181 Safari/537.36"
[2018-07-03T11:51:28.266][ INFO  1460  access] undefined - - "GET /imgs/index_01.jpg HTTP/1.1" 304 - "http://localhost:5000/" "Mozilla/5.0 (Windows NT 6.1; Win64; x64) AppleWebKit/537.36 (KHTML, like Gecko) Chrome/66.0.3359.181 Safari/537.36"
[2018-07-03T11:51:28.718][ INFO  1460  access] undefined - - "GET / HTTP/1.1" 304 - "http://localhost:5000/" "Mozilla/5.0 (Windows NT 6.1; Win64; x64) AppleWebKit/537.36 (KHTML, like Gecko) Chrome/66.0.3359.181 Safari/537.36"
[2018-07-03T11:51:28.746][ INFO  1460  access] undefined - - "GET /css/Home/layout.css HTTP/1.1" 304 - "http://localhost:5000/" "Mozilla/5.0 (Windows NT 6.1; Win64; x64) AppleWebKit/537.36 (KHTML, like Gecko) Chrome/66.0.3359.181 Safari/537.36"
[2018-07-03T11:51:28.749][ INFO  1460  access] undefined - - "GET /css/Home/style.css HTTP/1.1" 304 - "http://localhost:5000/" "Mozilla/5.0 (Windows NT 6.1; Win64; x64) AppleWebKit/537.36 (KHTML, like Gecko) Chrome/66.0.3359.181 Safari/537.36"
[2018-07-03T11:51:28.752][ INFO  1460  access] undefined - - "GET /js/lib/jquery.min.js HTTP/1.1" 304 - "http://localhost:5000/" "Mozilla/5.0 (Windows NT 6.1; Win64; x64) AppleWebKit/537.36 (KHTML, like Gecko) Chrome/66.0.3359.181 Safari/537.36"
[2018-07-03T11:51:28.757][ INFO  1460  access] undefined - - "GET /imgs/logo.png HTTP/1.1" 304 - "http://localhost:5000/" "Mozilla/5.0 (Windows NT 6.1; Win64; x64) AppleWebKit/537.36 (KHTML, like Gecko) Chrome/66.0.3359.181 Safari/537.36"
[2018-07-03T11:51:28.792][ INFO  1460  access] undefined - - "GET /imgs/index_05.jpg HTTP/1.1" 304 - "http://localhost:5000/" "Mozilla/5.0 (Windows NT 6.1; Win64; x64) AppleWebKit/537.36 (KHTML, like Gecko) Chrome/66.0.3359.181 Safari/537.36"
[2018-07-03T11:51:28.794][ INFO  1460  access] undefined - - "GET /imgs/index_03.jpg HTTP/1.1" 304 - "http://localhost:5000/" "Mozilla/5.0 (Windows NT 6.1; Win64; x64) AppleWebKit/537.36 (KHTML, like Gecko) Chrome/66.0.3359.181 Safari/537.36"
[2018-07-03T11:51:28.796][ INFO  1460  access] undefined - - "GET /imgs/index_01.jpg HTTP/1.1" 304 - "http://localhost:5000/" "Mozilla/5.0 (Windows NT 6.1; Win64; x64) AppleWebKit/537.36 (KHTML, like Gecko) Chrome/66.0.3359.181 Safari/537.36"
[2018-07-03T11:51:28.797][ INFO  1460  access] undefined - - "GET /imgs/index_04.jpg HTTP/1.1" 304 - "http://localhost:5000/" "Mozilla/5.0 (Windows NT 6.1; Win64; x64) AppleWebKit/537.36 (KHTML, like Gecko) Chrome/66.0.3359.181 Safari/537.36"
[2018-07-03T11:51:28.799][ INFO  1460  access] undefined - - "GET /imgs/banner_01.jpg HTTP/1.1" 304 - "http://localhost:5000/" "Mozilla/5.0 (Windows NT 6.1; Win64; x64) AppleWebKit/537.36 (KHTML, like Gecko) Chrome/66.0.3359.181 Safari/537.36"
[2018-07-03T11:51:30.659][ INFO  1460  access] undefined - - "GET / HTTP/1.1" 304 - "" "Mozilla/5.0 (Windows NT 6.1; Win64; x64) AppleWebKit/537.36 (KHTML, like Gecko) Chrome/66.0.3359.181 Safari/537.36"
[2018-07-03T11:51:30.683][ INFO  1460  access] undefined - - "GET /css/Home/layout.css HTTP/1.1" 304 - "http://localhost:5000/" "Mozilla/5.0 (Windows NT 6.1; Win64; x64) AppleWebKit/537.36 (KHTML, like Gecko) Chrome/66.0.3359.181 Safari/537.36"
[2018-07-03T11:51:30.685][ INFO  1460  access] undefined - - "GET /css/Home/style.css HTTP/1.1" 304 - "http://localhost:5000/" "Mozilla/5.0 (Windows NT 6.1; Win64; x64) AppleWebKit/537.36 (KHTML, like Gecko) Chrome/66.0.3359.181 Safari/537.36"
[2018-07-03T11:51:30.689][ INFO  1460  access] undefined - - "GET /js/lib/jquery.min.js HTTP/1.1" 304 - "http://localhost:5000/" "Mozilla/5.0 (Windows NT 6.1; Win64; x64) AppleWebKit/537.36 (KHTML, like Gecko) Chrome/66.0.3359.181 Safari/537.36"
[2018-07-03T11:51:30.694][ INFO  1460  access] undefined - - "GET /imgs/logo.png HTTP/1.1" 304 - "http://localhost:5000/" "Mozilla/5.0 (Windows NT 6.1; Win64; x64) AppleWebKit/537.36 (KHTML, like Gecko) Chrome/66.0.3359.181 Safari/537.36"
[2018-07-03T11:51:30.730][ INFO  1460  access] undefined - - "GET /imgs/index_04.jpg HTTP/1.1" 304 - "http://localhost:5000/" "Mozilla/5.0 (Windows NT 6.1; Win64; x64) AppleWebKit/537.36 (KHTML, like Gecko) Chrome/66.0.3359.181 Safari/537.36"
[2018-07-03T11:51:30.742][ INFO  1460  access] undefined - - "GET /imgs/index_01.jpg HTTP/1.1" 304 - "http://localhost:5000/" "Mozilla/5.0 (Windows NT 6.1; Win64; x64) AppleWebKit/537.36 (KHTML, like Gecko) Chrome/66.0.3359.181 Safari/537.36"
[2018-07-03T11:51:30.750][ INFO  1460  access] undefined - - "GET /imgs/index_05.jpg HTTP/1.1" 304 - "http://localhost:5000/" "Mozilla/5.0 (Windows NT 6.1; Win64; x64) AppleWebKit/537.36 (KHTML, like Gecko) Chrome/66.0.3359.181 Safari/537.36"
[2018-07-03T11:51:30.752][ INFO  1460  access] undefined - - "GET /imgs/index_03.jpg HTTP/1.1" 304 - "http://localhost:5000/" "Mozilla/5.0 (Windows NT 6.1; Win64; x64) AppleWebKit/537.36 (KHTML, like Gecko) Chrome/66.0.3359.181 Safari/537.36"
[2018-07-03T11:51:30.753][ INFO  1460  access] undefined - - "GET /imgs/banner_01.jpg HTTP/1.1" 304 - "http://localhost:5000/" "Mozilla/5.0 (Windows NT 6.1; Win64; x64) AppleWebKit/537.36 (KHTML, like Gecko) Chrome/66.0.3359.181 Safari/537.36"
[2018-07-03T11:51:53.777][ INFO  1460  access] undefined - - "GET / HTTP/1.1" 304 - "" "Mozilla/5.0 (Windows NT 6.1; Win64; x64) AppleWebKit/537.36 (KHTML, like Gecko) Chrome/66.0.3359.181 Safari/537.36"
[2018-07-03T11:51:54.223][ INFO  1460  access] undefined - - "GET /css/Home/layout.css HTTP/1.1" 304 - "http://localhost:5000/" "Mozilla/5.0 (Windows NT 6.1; Win64; x64) AppleWebKit/537.36 (KHTML, like Gecko) Chrome/66.0.3359.181 Safari/537.36"
[2018-07-03T11:51:54.226][ INFO  1460  access] undefined - - "GET /css/Home/style.css HTTP/1.1" 304 - "http://localhost:5000/" "Mozilla/5.0 (Windows NT 6.1; Win64; x64) AppleWebKit/537.36 (KHTML, like Gecko) Chrome/66.0.3359.181 Safari/537.36"
[2018-07-03T11:51:54.227][ INFO  1460  access] undefined - - "GET /js/lib/jquery.min.js HTTP/1.1" 304 - "http://localhost:5000/" "Mozilla/5.0 (Windows NT 6.1; Win64; x64) AppleWebKit/537.36 (KHTML, like Gecko) Chrome/66.0.3359.181 Safari/537.36"
[2018-07-03T11:51:54.232][ INFO  1460  access] undefined - - "GET /imgs/logo.png HTTP/1.1" 304 - "http://localhost:5000/" "Mozilla/5.0 (Windows NT 6.1; Win64; x64) AppleWebKit/537.36 (KHTML, like Gecko) Chrome/66.0.3359.181 Safari/537.36"
[2018-07-03T11:51:54.306][ INFO  1460  access] undefined - - "GET /imgs/index_05.jpg HTTP/1.1" 304 - "http://localhost:5000/" "Mozilla/5.0 (Windows NT 6.1; Win64; x64) AppleWebKit/537.36 (KHTML, like Gecko) Chrome/66.0.3359.181 Safari/537.36"
[2018-07-03T11:51:54.307][ INFO  1460  access] undefined - - "GET /imgs/index_03.jpg HTTP/1.1" 304 - "http://localhost:5000/" "Mozilla/5.0 (Windows NT 6.1; Win64; x64) AppleWebKit/537.36 (KHTML, like Gecko) Chrome/66.0.3359.181 Safari/537.36"
[2018-07-03T11:51:54.308][ INFO  1460  access] undefined - - "GET /imgs/index_02.jpg HTTP/1.1" 304 - "http://localhost:5000/css/Home/style.css" "Mozilla/5.0 (Windows NT 6.1; Win64; x64) AppleWebKit/537.36 (KHTML, like Gecko) Chrome/66.0.3359.181 Safari/537.36"
[2018-07-03T11:51:54.309][ INFO  1460  access] undefined - - "GET /imgs/index_04.jpg HTTP/1.1" 304 - "http://localhost:5000/" "Mozilla/5.0 (Windows NT 6.1; Win64; x64) AppleWebKit/537.36 (KHTML, like Gecko) Chrome/66.0.3359.181 Safari/537.36"
[2018-07-03T11:51:54.311][ INFO  1460  access] undefined - - "GET /imgs/index_01.jpg HTTP/1.1" 304 - "http://localhost:5000/" "Mozilla/5.0 (Windows NT 6.1; Win64; x64) AppleWebKit/537.36 (KHTML, like Gecko) Chrome/66.0.3359.181 Safari/537.36"
[2018-07-03T11:51:54.322][ INFO  1460  access] undefined - - "GET /imgs/banner_01.jpg HTTP/1.1" 304 - "http://localhost:5000/" "Mozilla/5.0 (Windows NT 6.1; Win64; x64) AppleWebKit/537.36 (KHTML, like Gecko) Chrome/66.0.3359.181 Safari/537.36"
[2018-07-03T11:51:54.323][ INFO  1460  access] undefined - - "GET /imgs/icon.png HTTP/1.1" 304 - "http://localhost:5000/css/Home/layout.css" "Mozilla/5.0 (Windows NT 6.1; Win64; x64) AppleWebKit/537.36 (KHTML, like Gecko) Chrome/66.0.3359.181 Safari/537.36"
[2018-07-03T11:51:57.505][ INFO  1460  access] ::1 - - "GET / HTTP/1.1" 200 3464 "" "Mozilla/5.0 (Windows NT 6.1; Win64; x64) AppleWebKit/537.36 (KHTML, like Gecko) Chrome/66.0.3359.181 Safari/537.36"
[2018-07-03T11:51:57.926][ INFO  1460  access] ::1 - - "GET /css/Home/layout.css HTTP/1.1" 200 776 "http://localhost:3005/" "Mozilla/5.0 (Windows NT 6.1; Win64; x64) AppleWebKit/537.36 (KHTML, like Gecko) Chrome/66.0.3359.181 Safari/537.36"
[2018-07-03T11:51:57.950][ INFO  1460  access] ::1 - - "GET /css/Home/style.css HTTP/1.1" 200 1317 "http://localhost:3005/" "Mozilla/5.0 (Windows NT 6.1; Win64; x64) AppleWebKit/537.36 (KHTML, like Gecko) Chrome/66.0.3359.181 Safari/537.36"
[2018-07-03T11:51:57.954][ INFO  1460  access] ::1 - - "GET /js/lib/jquery.min.js HTTP/1.1" 200 92633 "http://localhost:3005/" "Mozilla/5.0 (Windows NT 6.1; Win64; x64) AppleWebKit/537.36 (KHTML, like Gecko) Chrome/66.0.3359.181 Safari/537.36"
[2018-07-03T11:51:58.026][ INFO  1460  access] ::1 - - "GET /imgs/logo.png HTTP/1.1" 200 43301 "http://localhost:3005/" "Mozilla/5.0 (Windows NT 6.1; Win64; x64) AppleWebKit/537.36 (KHTML, like Gecko) Chrome/66.0.3359.181 Safari/537.36"
[2018-07-03T11:51:58.290][ INFO  1460  access] ::1 - - "GET /imgs/index_05.jpg HTTP/1.1" 200 5994 "http://localhost:3005/" "Mozilla/5.0 (Windows NT 6.1; Win64; x64) AppleWebKit/537.36 (KHTML, like Gecko) Chrome/66.0.3359.181 Safari/537.36"
[2018-07-03T11:51:58.294][ INFO  1460  access] ::1 - - "GET /imgs/index_02.jpg HTTP/1.1" 200 15587 "http://localhost:3005/css/Home/style.css" "Mozilla/5.0 (Windows NT 6.1; Win64; x64) AppleWebKit/537.36 (KHTML, like Gecko) Chrome/66.0.3359.181 Safari/537.36"
[2018-07-03T11:51:58.297][ INFO  1460  access] ::1 - - "GET /imgs/index_03.jpg HTTP/1.1" 200 14683 "http://localhost:3005/" "Mozilla/5.0 (Windows NT 6.1; Win64; x64) AppleWebKit/537.36 (KHTML, like Gecko) Chrome/66.0.3359.181 Safari/537.36"
[2018-07-03T11:51:58.299][ INFO  1460  access] ::1 - - "GET /imgs/index_04.jpg HTTP/1.1" 200 7331 "http://localhost:3005/" "Mozilla/5.0 (Windows NT 6.1; Win64; x64) AppleWebKit/537.36 (KHTML, like Gecko) Chrome/66.0.3359.181 Safari/537.36"
[2018-07-03T11:51:58.300][ INFO  1460  access] ::1 - - "GET /imgs/index_01.jpg HTTP/1.1" 200 6348 "http://localhost:3005/" "Mozilla/5.0 (Windows NT 6.1; Win64; x64) AppleWebKit/537.36 (KHTML, like Gecko) Chrome/66.0.3359.181 Safari/537.36"
[2018-07-03T11:51:58.303][ INFO  1460  access] ::1 - - "GET /imgs/banner_01.jpg HTTP/1.1" 200 84346 "http://localhost:3005/" "Mozilla/5.0 (Windows NT 6.1; Win64; x64) AppleWebKit/537.36 (KHTML, like Gecko) Chrome/66.0.3359.181 Safari/537.36"
[2018-07-03T11:51:58.366][ INFO  1460  access] ::1 - - "GET /imgs/icon.png HTTP/1.1" 200 16618 "http://localhost:3005/css/Home/layout.css" "Mozilla/5.0 (Windows NT 6.1; Win64; x64) AppleWebKit/537.36 (KHTML, like Gecko) Chrome/66.0.3359.181 Safari/537.36"
[2018-07-03T11:51:58.696][ INFO  1460  access] ::1 - - "GET /favicon.ico HTTP/1.1" 404 150 "http://localhost:3005/" "Mozilla/5.0 (Windows NT 6.1; Win64; x64) AppleWebKit/537.36 (KHTML, like Gecko) Chrome/66.0.3359.181 Safari/537.36"
[2018-07-03T11:53:26.862][ INFO  8300  access] ::1 - - "GET / HTTP/1.1" 200 3464 "" "Mozilla/5.0 (Windows NT 6.1; Win64; x64) AppleWebKit/537.36 (KHTML, like Gecko) Chrome/66.0.3359.181 Safari/537.36"
[2018-07-03T11:53:27.266][ INFO  8300  access] ::1 - - "GET /css/Home/layout.css HTTP/1.1" 200 776 "http://localhost/" "Mozilla/5.0 (Windows NT 6.1; Win64; x64) AppleWebKit/537.36 (KHTML, like Gecko) Chrome/66.0.3359.181 Safari/537.36"
[2018-07-03T11:53:27.270][ INFO  8300  access] ::1 - - "GET /css/Home/style.css HTTP/1.1" 200 1317 "http://localhost/" "Mozilla/5.0 (Windows NT 6.1; Win64; x64) AppleWebKit/537.36 (KHTML, like Gecko) Chrome/66.0.3359.181 Safari/537.36"
[2018-07-03T11:53:27.273][ INFO  8300  access] ::1 - - "GET /js/lib/jquery.min.js HTTP/1.1" 200 92633 "http://localhost/" "Mozilla/5.0 (Windows NT 6.1; Win64; x64) AppleWebKit/537.36 (KHTML, like Gecko) Chrome/66.0.3359.181 Safari/537.36"
[2018-07-03T11:53:27.275][ INFO  8300  access] ::1 - - "GET /imgs/logo.png HTTP/1.1" 200 43301 "http://localhost/" "Mozilla/5.0 (Windows NT 6.1; Win64; x64) AppleWebKit/537.36 (KHTML, like Gecko) Chrome/66.0.3359.181 Safari/537.36"
[2018-07-03T11:53:27.431][ INFO  8300  access] ::1 - - "GET /imgs/index_05.jpg HTTP/1.1" 200 5994 "http://localhost/" "Mozilla/5.0 (Windows NT 6.1; Win64; x64) AppleWebKit/537.36 (KHTML, like Gecko) Chrome/66.0.3359.181 Safari/537.36"
[2018-07-03T11:53:27.447][ INFO  8300  access] ::1 - - "GET /imgs/index_03.jpg HTTP/1.1" 200 14683 "http://localhost/" "Mozilla/5.0 (Windows NT 6.1; Win64; x64) AppleWebKit/537.36 (KHTML, like Gecko) Chrome/66.0.3359.181 Safari/537.36"
[2018-07-03T11:53:27.450][ INFO  8300  access] ::1 - - "GET /imgs/index_02.jpg HTTP/1.1" 200 15587 "http://localhost/css/Home/style.css" "Mozilla/5.0 (Windows NT 6.1; Win64; x64) AppleWebKit/537.36 (KHTML, like Gecko) Chrome/66.0.3359.181 Safari/537.36"
[2018-07-03T11:53:27.451][ INFO  8300  access] ::1 - - "GET /imgs/index_01.jpg HTTP/1.1" 200 6348 "http://localhost/" "Mozilla/5.0 (Windows NT 6.1; Win64; x64) AppleWebKit/537.36 (KHTML, like Gecko) Chrome/66.0.3359.181 Safari/537.36"
[2018-07-03T11:53:27.453][ INFO  8300  access] ::1 - - "GET /imgs/icon.png HTTP/1.1" 200 16618 "http://localhost/css/Home/layout.css" "Mozilla/5.0 (Windows NT 6.1; Win64; x64) AppleWebKit/537.36 (KHTML, like Gecko) Chrome/66.0.3359.181 Safari/537.36"
[2018-07-03T11:53:27.457][ INFO  8300  access] ::1 - - "GET /imgs/index_04.jpg HTTP/1.1" 200 7331 "http://localhost/" "Mozilla/5.0 (Windows NT 6.1; Win64; x64) AppleWebKit/537.36 (KHTML, like Gecko) Chrome/66.0.3359.181 Safari/537.36"
[2018-07-03T11:53:27.494][ INFO  8300  access] ::1 - - "GET /imgs/banner_01.jpg HTTP/1.1" 200 84346 "http://localhost/" "Mozilla/5.0 (Windows NT 6.1; Win64; x64) AppleWebKit/537.36 (KHTML, like Gecko) Chrome/66.0.3359.181 Safari/537.36"
[2018-07-03T11:53:27.599][ INFO  8300  access] ::1 - - "GET /favicon.ico HTTP/1.1" 404 150 "http://localhost/" "Mozilla/5.0 (Windows NT 6.1; Win64; x64) AppleWebKit/537.36 (KHTML, like Gecko) Chrome/66.0.3359.181 Safari/537.36"
[2018-07-03T11:53:32.139][ INFO  8300  access] ::1 - - "GET / HTTP/1.1" 304 - "" "Mozilla/5.0 (Windows NT 6.1; Win64; x64) AppleWebKit/537.36 (KHTML, like Gecko) Chrome/66.0.3359.181 Safari/537.36"
[2018-07-03T11:53:32.158][ INFO  8300  access] ::1 - - "GET /css/Home/layout.css HTTP/1.1" 304 - "http://localhost/" "Mozilla/5.0 (Windows NT 6.1; Win64; x64) AppleWebKit/537.36 (KHTML, like Gecko) Chrome/66.0.3359.181 Safari/537.36"
[2018-07-03T11:53:32.162][ INFO  8300  access] ::1 - - "GET /css/Home/style.css HTTP/1.1" 304 - "http://localhost/" "Mozilla/5.0 (Windows NT 6.1; Win64; x64) AppleWebKit/537.36 (KHTML, like Gecko) Chrome/66.0.3359.181 Safari/537.36"
[2018-07-03T11:53:32.164][ INFO  8300  access] ::1 - - "GET /js/lib/jquery.min.js HTTP/1.1" 304 - "http://localhost/" "Mozilla/5.0 (Windows NT 6.1; Win64; x64) AppleWebKit/537.36 (KHTML, like Gecko) Chrome/66.0.3359.181 Safari/537.36"
[2018-07-03T11:53:32.169][ INFO  8300  access] ::1 - - "GET /imgs/logo.png HTTP/1.1" 304 - "http://localhost/" "Mozilla/5.0 (Windows NT 6.1; Win64; x64) AppleWebKit/537.36 (KHTML, like Gecko) Chrome/66.0.3359.181 Safari/537.36"
[2018-07-03T11:53:32.192][ INFO  8300  access] ::1 - - "GET /imgs/index_05.jpg HTTP/1.1" 304 - "http://localhost/" "Mozilla/5.0 (Windows NT 6.1; Win64; x64) AppleWebKit/537.36 (KHTML, like Gecko) Chrome/66.0.3359.181 Safari/537.36"
[2018-07-03T11:53:32.194][ INFO  8300  access] ::1 - - "GET /imgs/index_03.jpg HTTP/1.1" 304 - "http://localhost/" "Mozilla/5.0 (Windows NT 6.1; Win64; x64) AppleWebKit/537.36 (KHTML, like Gecko) Chrome/66.0.3359.181 Safari/537.36"
[2018-07-03T11:53:32.195][ INFO  8300  access] ::1 - - "GET /imgs/index_02.jpg HTTP/1.1" 304 - "http://localhost/css/Home/style.css" "Mozilla/5.0 (Windows NT 6.1; Win64; x64) AppleWebKit/537.36 (KHTML, like Gecko) Chrome/66.0.3359.181 Safari/537.36"
[2018-07-03T11:53:32.196][ INFO  8300  access] ::1 - - "GET /imgs/index_04.jpg HTTP/1.1" 304 - "http://localhost/" "Mozilla/5.0 (Windows NT 6.1; Win64; x64) AppleWebKit/537.36 (KHTML, like Gecko) Chrome/66.0.3359.181 Safari/537.36"
[2018-07-03T11:53:32.198][ INFO  8300  access] ::1 - - "GET /imgs/index_01.jpg HTTP/1.1" 304 - "http://localhost/" "Mozilla/5.0 (Windows NT 6.1; Win64; x64) AppleWebKit/537.36 (KHTML, like Gecko) Chrome/66.0.3359.181 Safari/537.36"
[2018-07-03T11:53:32.200][ INFO  8300  access] ::1 - - "GET /imgs/banner_01.jpg HTTP/1.1" 304 - "http://localhost/" "Mozilla/5.0 (Windows NT 6.1; Win64; x64) AppleWebKit/537.36 (KHTML, like Gecko) Chrome/66.0.3359.181 Safari/537.36"
[2018-07-03T11:53:32.202][ INFO  8300  access] ::1 - - "GET /imgs/icon.png HTTP/1.1" 304 - "http://localhost/css/Home/layout.css" "Mozilla/5.0 (Windows NT 6.1; Win64; x64) AppleWebKit/537.36 (KHTML, like Gecko) Chrome/66.0.3359.181 Safari/537.36"
[2018-07-03T11:53:56.133][ INFO  8300  access] ::1 - - "GET / HTTP/1.1" 304 - "" "Mozilla/5.0 (Windows NT 6.1; Win64; x64) AppleWebKit/537.36 (KHTML, like Gecko) Chrome/66.0.3359.181 Safari/537.36"
[2018-07-03T11:53:56.151][ INFO  8300  access] ::1 - - "GET /css/Home/layout.css HTTP/1.1" 304 - "http://localhost/" "Mozilla/5.0 (Windows NT 6.1; Win64; x64) AppleWebKit/537.36 (KHTML, like Gecko) Chrome/66.0.3359.181 Safari/537.36"
[2018-07-03T11:53:56.155][ INFO  8300  access] ::1 - - "GET /css/Home/style.css HTTP/1.1" 304 - "http://localhost/" "Mozilla/5.0 (Windows NT 6.1; Win64; x64) AppleWebKit/537.36 (KHTML, like Gecko) Chrome/66.0.3359.181 Safari/537.36"
[2018-07-03T11:53:56.157][ INFO  8300  access] ::1 - - "GET /js/lib/jquery.min.js HTTP/1.1" 304 - "http://localhost/" "Mozilla/5.0 (Windows NT 6.1; Win64; x64) AppleWebKit/537.36 (KHTML, like Gecko) Chrome/66.0.3359.181 Safari/537.36"
[2018-07-03T11:53:56.200][ INFO  8300  access] ::1 - - "GET /imgs/logo.png HTTP/1.1" 304 - "http://localhost/" "Mozilla/5.0 (Windows NT 6.1; Win64; x64) AppleWebKit/537.36 (KHTML, like Gecko) Chrome/66.0.3359.181 Safari/537.36"
[2018-07-03T11:53:56.284][ INFO  8300  access] ::1 - - "GET /imgs/index_05.jpg HTTP/1.1" 304 - "http://localhost/" "Mozilla/5.0 (Windows NT 6.1; Win64; x64) AppleWebKit/537.36 (KHTML, like Gecko) Chrome/66.0.3359.181 Safari/537.36"
[2018-07-03T11:53:56.287][ INFO  8300  access] ::1 - - "GET /imgs/index_03.jpg HTTP/1.1" 304 - "http://localhost/" "Mozilla/5.0 (Windows NT 6.1; Win64; x64) AppleWebKit/537.36 (KHTML, like Gecko) Chrome/66.0.3359.181 Safari/537.36"
[2018-07-03T11:53:56.289][ INFO  8300  access] ::1 - - "GET /imgs/index_02.jpg HTTP/1.1" 304 - "http://localhost/css/Home/style.css" "Mozilla/5.0 (Windows NT 6.1; Win64; x64) AppleWebKit/537.36 (KHTML, like Gecko) Chrome/66.0.3359.181 Safari/537.36"
[2018-07-03T11:53:56.291][ INFO  8300  access] ::1 - - "GET /imgs/index_04.jpg HTTP/1.1" 304 - "http://localhost/" "Mozilla/5.0 (Windows NT 6.1; Win64; x64) AppleWebKit/537.36 (KHTML, like Gecko) Chrome/66.0.3359.181 Safari/537.36"
[2018-07-03T11:53:56.294][ INFO  8300  access] ::1 - - "GET /imgs/index_01.jpg HTTP/1.1" 304 - "http://localhost/" "Mozilla/5.0 (Windows NT 6.1; Win64; x64) AppleWebKit/537.36 (KHTML, like Gecko) Chrome/66.0.3359.181 Safari/537.36"
[2018-07-03T11:53:56.295][ INFO  8300  access] ::1 - - "GET /imgs/icon.png HTTP/1.1" 304 - "http://localhost/css/Home/layout.css" "Mozilla/5.0 (Windows NT 6.1; Win64; x64) AppleWebKit/537.36 (KHTML, like Gecko) Chrome/66.0.3359.181 Safari/537.36"
[2018-07-03T11:53:56.299][ INFO  8300  access] ::1 - - "GET /imgs/banner_01.jpg HTTP/1.1" 304 - "http://localhost/" "Mozilla/5.0 (Windows NT 6.1; Win64; x64) AppleWebKit/537.36 (KHTML, like Gecko) Chrome/66.0.3359.181 Safari/537.36"
[2018-07-03T13:44:11.976][ INFO  8300  access] ::1 - - "GET / HTTP/1.1" 304 - "" "Mozilla/5.0 (Windows NT 6.1; Win64; x64) AppleWebKit/537.36 (KHTML, like Gecko) Chrome/66.0.3359.181 Safari/537.36"
[2018-07-03T13:44:11.995][ INFO  8300  access] ::1 - - "GET /css/Home/layout.css HTTP/1.1" 304 - "http://localhost/" "Mozilla/5.0 (Windows NT 6.1; Win64; x64) AppleWebKit/537.36 (KHTML, like Gecko) Chrome/66.0.3359.181 Safari/537.36"
[2018-07-03T13:44:11.998][ INFO  8300  access] ::1 - - "GET /css/Home/style.css HTTP/1.1" 304 - "http://localhost/" "Mozilla/5.0 (Windows NT 6.1; Win64; x64) AppleWebKit/537.36 (KHTML, like Gecko) Chrome/66.0.3359.181 Safari/537.36"
[2018-07-03T13:44:12.000][ INFO  8300  access] ::1 - - "GET /js/lib/jquery.min.js HTTP/1.1" 304 - "http://localhost/" "Mozilla/5.0 (Windows NT 6.1; Win64; x64) AppleWebKit/537.36 (KHTML, like Gecko) Chrome/66.0.3359.181 Safari/537.36"
[2018-07-03T13:44:12.039][ INFO  8300  access] ::1 - - "GET /imgs/logo.png HTTP/1.1" 304 - "http://localhost/" "Mozilla/5.0 (Windows NT 6.1; Win64; x64) AppleWebKit/537.36 (KHTML, like Gecko) Chrome/66.0.3359.181 Safari/537.36"
[2018-07-03T13:44:12.081][ INFO  8300  access] ::1 - - "GET /imgs/index_05.jpg HTTP/1.1" 304 - "http://localhost/" "Mozilla/5.0 (Windows NT 6.1; Win64; x64) AppleWebKit/537.36 (KHTML, like Gecko) Chrome/66.0.3359.181 Safari/537.36"
[2018-07-03T13:44:12.087][ INFO  8300  access] ::1 - - "GET /imgs/index_03.jpg HTTP/1.1" 304 - "http://localhost/" "Mozilla/5.0 (Windows NT 6.1; Win64; x64) AppleWebKit/537.36 (KHTML, like Gecko) Chrome/66.0.3359.181 Safari/537.36"
[2018-07-03T13:44:12.090][ INFO  8300  access] ::1 - - "GET /imgs/index_02.jpg HTTP/1.1" 304 - "http://localhost/css/Home/style.css" "Mozilla/5.0 (Windows NT 6.1; Win64; x64) AppleWebKit/537.36 (KHTML, like Gecko) Chrome/66.0.3359.181 Safari/537.36"
[2018-07-03T13:44:12.092][ INFO  8300  access] ::1 - - "GET /imgs/index_04.jpg HTTP/1.1" 304 - "http://localhost/" "Mozilla/5.0 (Windows NT 6.1; Win64; x64) AppleWebKit/537.36 (KHTML, like Gecko) Chrome/66.0.3359.181 Safari/537.36"
[2018-07-03T13:44:12.094][ INFO  8300  access] ::1 - - "GET /imgs/index_01.jpg HTTP/1.1" 304 - "http://localhost/" "Mozilla/5.0 (Windows NT 6.1; Win64; x64) AppleWebKit/537.36 (KHTML, like Gecko) Chrome/66.0.3359.181 Safari/537.36"
[2018-07-03T13:44:12.097][ INFO  8300  access] ::1 - - "GET /imgs/banner_01.jpg HTTP/1.1" 304 - "http://localhost/" "Mozilla/5.0 (Windows NT 6.1; Win64; x64) AppleWebKit/537.36 (KHTML, like Gecko) Chrome/66.0.3359.181 Safari/537.36"
[2018-07-03T13:44:12.099][ INFO  8300  access] ::1 - - "GET /imgs/icon.png HTTP/1.1" 304 - "http://localhost/css/Home/layout.css" "Mozilla/5.0 (Windows NT 6.1; Win64; x64) AppleWebKit/537.36 (KHTML, like Gecko) Chrome/66.0.3359.181 Safari/537.36"
